#
# A fatal error has been detected by the Java Runtime Environment:
#
#  SIGSEGV (0xb) at pc=0x0000000120b263fd, pid=41828, tid=1811
#
# JRE version: Java(TM) SE Runtime Environment (8.0_25-b17) (build 1.8.0_25-b17)
# Java VM: Java HotSpot(TM) 64-Bit Server VM (25.25-b02 mixed mode bsd-amd64 compressed oops)
# Problematic frame:
# C  [libglass.dylib+0x163fd]  GlassScreenDidChangeScreenParameters+0x9d
#
# Failed to write core dump. Core dumps have been disabled. To enable core dumping, try "ulimit -c unlimited" before starting Java again
#
# If you would like to submit a bug report, please visit:
#   http://bugreport.sun.com/bugreport/crash.jsp
#

---------------  T H R E A D  ---------------

Current thread is native thread

siginfo: si_signo: 11 (SIGSEGV), si_code: 1 (SEGV_MAPERR), si_addr: 0x0000000000000000

Registers:
RAX=0x0000000120b58e40, RBX=0x0000000000000000, RCX=0x8d004d203cf25625, RDX=0x00007fb6a3d7b7d8
RSP=0x00007fff587584d0, RBP=0x00007fff587584e0, RSI=0x00007fb6a3c14478, RDI=0x0000000000000000
R8 =0x00007fff58758380, R9 =0x00007fff7ab6d300, R10=0x0000000000000000, R11=0x0000000000000246
R12=0x00007fb6a3c1f7d0, R13=0x00000000000f4268, R14=0x00007fb6a3c9f240, R15=0x00007fff58758620
RIP=0x0000000120b263fd, EFLAGS=0x0000000000010206, ERR=0x0000000000000004
  TRAPNO=0x000000000000000e

Top of Stack: (sp=0x00007fff587584d0)
0x00007fff587584d0:   00007fff587586b0 00007fb6a3c9f240
0x00007fff587584e0:   00007fff587584f0 00007fff90cdecbc
0x00007fff587584f0:   00007fff58758850 00007fff90bd01b4
0x00007fff58758500:   00007fb6a46c3800 0000000000000a00
0x00007fff58758510:   00000001074be000 00007fb6a62fc080
0x00007fff58758520:   0000000000001001 0000000000000990
0x00007fff58758530:   0000000000000004 00007fb6a3c9f240
0x00007fff58758540:   0000000000000000 00007fff58758620
0x00007fff58758550:   0000000000000000 00007fb6a3c9f200
0x00007fff58758560:   00007fff587586a0 0000000000000066
0x00007fff58758570:   00000000000f4339 00007fb6a3c565b0
0x00007fff58758580:   00007fb6a3d75a20 00007fb6a3c1f7d0
0x00007fff58758590:   0000000000000001 00000000000f4268
0x00007fff587585a0:   00007fb6a3c1f7c0 00007fff8aa6cacb
0x00007fff587585b0:   0000000000000001 0000000000000001
0x00007fff587585c0:   0000000000000030 0000000000000001
0x00007fff587585d0:   00007fff587585f0 00007fff8aa72231
0x00007fff587585e0:   00007fff7aa29dd0 0000000000000000
0x00007fff587585f0:   00007fff58758610 0000000000000009
0x00007fff58758600:   0004ca03074be000 00007fb6a3c1f7f4
0x00007fff58758610:   0000000000000000 00007fff90bc5c8f
0x00007fff58758620:   00007fb6a3c9f240 00007fff7aa29dd0
0x00007fff58758630:   00007fff587586b0 00007fff90bce7bf
0x00007fff58758640:   ffffffffffffffff 0000306000000040
0x00007fff58758650:   00000001074c1a00 0000000000000002
0x00007fff58758660:   00000001074be000 00007fb6a3c24ec2
0x00007fff58758670:   0000000000000003 00000001074c2400
0x00007fff58758680:   00007fff58758770 00007fff8aa6b2a2
0x00007fff58758690:   00007fb6a3d755b0 00007fff58758858
0x00007fff587586a0:   0000000000000017 0000000000000000
0x00007fff587586b0:   00000000000f4268 00007fff90bc5f83
0x00007fff587586c0:   00007fff00000000 00007fb6a3d7b9b0 

Instructions: (pc=0x0000000120b263fd)
0x0000000120b263dd:   89 df 4c 89 f1 41 ff 90 68 04 00 00 48 8d 05 58
0x0000000120b263ed:   29 03 00 48 8b 30 48 8d 05 46 2a 03 00 48 8b 10
0x0000000120b263fd:   48 8b 0b 30 c0 48 89 df ff 91 68 04 00 00 48 8b
0x0000000120b2640d:   03 48 89 df ff 50 78 48 85 c0 74 36 49 89 c6 48 

Register to memory mapping:

RAX=0x0000000120b58e40: jScreenNotifySettingsChanged+0 in /Library/Java/JavaVirtualMachines/jdk1.8.0_25.jdk/Contents/Home/jre/lib/libglass.dylib at 0x0000000120b10000
RBX=0x0000000000000000 is an unknown value
RCX=0x8d004d203cf25625 is an unknown value
RDX=0x00007fb6a3d7b7d8 is an unknown value
RSP=0x00007fff587584d0 is an unknown value
RBP=0x00007fff587584e0 is an unknown value
RSI=0x00007fb6a3c14478 is a global jni handle
RDI=0x0000000000000000 is an unknown value
R8 =0x00007fff58758380 is an unknown value
R9 =0x00007fff7ab6d300: _thread+0 in /usr/lib/system/libsystem_pthread.dylib at 0x00007fff91ab0000
R10=0x0000000000000000 is an unknown value
R11=0x0000000000000246 is an unknown value
R12=0x00007fb6a3c1f7d0 is an unknown value
R13=0x00000000000f4268 is an unknown value
R14=0x00007fb6a3c9f240 is an unknown value
R15=0x00007fff58758620 is an unknown value


Stack: [0x00007fff57f5c000,0x00007fff5875c000],  sp=0x00007fff587584d0,  free space=8177k
Native frames: (J=compiled Java code, j=interpreted, Vv=VM code, C=native code)
C  [libglass.dylib+0x163fd]  GlassScreenDidChangeScreenParameters+0x9d
C  [CoreFoundation+0x11ecbc]  __CFNOTIFICATIONCENTER_IS_CALLING_OUT_TO_AN_OBSERVER__+0xc
C  [CoreFoundation+0x101b4]  _CFXNotificationPost+0xc44
C  [Foundation+0x2ea1]  -[NSNotificationCenter postNotificationName:object:userInfo:]+0x42
C  [AppKit+0x362f3e]  -[NSApplication _reactToScreenInvalidationImmediately:]+0x17b
C  [AppKit+0x362d7d]  __44-[NSApplication _reactToScreenInvalidation:]_block_invoke+0x4b
C  [CoreFoundation+0x8054c]  __CFRUNLOOP_IS_CALLING_OUT_TO_A_BLOCK__+0xc
C  [CoreFoundation+0x72655]  __CFRunLoopDoBlocks+0x155
C  [CoreFoundation+0x72196]  __CFRunLoopRun+0x716
C  [CoreFoundation+0x71838]  CFRunLoopRunSpecific+0x128
C  [java+0x56cc]  CreateExecutionEnvironment+0x367
C  [java+0x165c]  JLI_Launch+0x7a0
C  [java+0x768a]  main+0x65
C  [java+0xeb4]  start+0x34


---------------  P R O C E S S  ---------------

VM state:at safepoint (normal execution)

VM Mutex/Monitor currently owned by a thread:  ([mutex/lock_event])
[0x00007fb6a3c08290] Threads_lock - owner thread: 0x00007fb6a4859800
[0x00007fb6a3c08790] Heap_lock - owner thread: 0x00007fb6a41e7800

Heap:
 PSYoungGen      total 54784K, used 11958K [0x0000000795580000, 0x000000079a080000, 0x00000007c0000000)
  eden space 49664K, 13% used [0x0000000795580000,0x0000000795c339a0,0x0000000798600000)
  from space 5120K, 99% used [0x0000000799b80000,0x000000079a079f18,0x000000079a080000)
  to   space 5120K, 0% used [0x0000000799680000,0x0000000799680000,0x0000000799b80000)
 ParOldGen       total 56832K, used 6010K [0x0000000740000000, 0x0000000743780000, 0x0000000795580000)
  object space 56832K, 10% used [0x0000000740000000,0x00000007405deaf8,0x0000000743780000)
 Metaspace       used 28294K, capacity 29026K, committed 29184K, reserved 1075200K
  class space    used 3855K, capacity 4020K, committed 4096K, reserved 1048576K

Card table byte_map: [0x0000000117df4000,0x00000001181f5000] byte_map_base: 0x00000001143f4000

Marking Bits: (ParMarkBitMap*) 0x0000000107e3f390
 Begin Bits: [0x00000001186a6000, 0x000000011a6a6000)
 End Bits:   [0x000000011a6a6000, 0x000000011c6a6000)

Polling page: 0x00000001085e6000

CodeCache: size=245760Kb used=7987Kb max_used=7987Kb free=237772Kb
 bounds [0x0000000108a34000, 0x0000000109214000, 0x0000000117a34000]
 total_blobs=3344 nmethods=2600 adapters=659
 compilation: enabled

Compilation events (10 events):
Event: 48.826 Thread 0x00007fb6a4085000 2738       1       java.lang.invoke.MethodHandle::internalForm (5 bytes)
Event: 48.826 Thread 0x00007fb6a4085000 nmethod 2738 0x0000000109203f90 code [0x00000001092040e0, 0x00000001092041f0]
Event: 49.285 Thread 0x00007fb6a4085000 2739       3       com.sun.prism.impl.ManagedResource$WeakLinkedList::getResource (11 bytes)
Event: 49.285 Thread 0x00007fb6a4085000 nmethod 2739 0x0000000109204250 code [0x00000001092043c0, 0x00000001092046b0]
Event: 49.367 Thread 0x00007fb6a4085000 2740       3       java.lang.invoke.LambdaForm$MH/980546781::getObjectField (23 bytes)
Event: 49.368 Thread 0x00007fb6a4085000 nmethod 2740 0x0000000109204790 code [0x0000000109204920, 0x0000000109204eb0]
Event: 49.368 Thread 0x00007fb6a4085000 2741       3       java.lang.invoke.DirectMethodHandle::fieldOffset (9 bytes)
Event: 49.368 Thread 0x00007fb6a4085000 nmethod 2741 0x0000000109205050 code [0x00000001092051c0, 0x00000001092053f0]
Event: 49.546 Thread 0x00007fb6a4085000 2742       1       java.util.logging.Logger::getName (5 bytes)
Event: 49.547 Thread 0x00007fb6a4085000 nmethod 2742 0x00000001092054d0 code [0x0000000109205620, 0x0000000109205730]

GC Heap History (10 events):
Event: 5.781 GC heap before
{Heap before GC invocations=1 (full 0):
 PSYoungGen      total 38400K, used 33280K [0x0000000795580000, 0x0000000798000000, 0x00000007c0000000)
  eden space 33280K, 100% used [0x0000000795580000,0x0000000797600000,0x0000000797600000)
  from space 5120K, 0% used [0x0000000797b00000,0x0000000797b00000,0x0000000798000000)
  to   space 5120K, 0% used [0x0000000797600000,0x0000000797600000,0x0000000797b00000)
 ParOldGen       total 87552K, used 0K [0x0000000740000000, 0x0000000745580000, 0x0000000795580000)
  object space 87552K, 0% used [0x0000000740000000,0x0000000740000000,0x0000000745580000)
 Metaspace       used 11745K, capacity 11968K, committed 12288K, reserved 1060864K
  class space    used 1395K, capacity 1466K, committed 1536K, reserved 1048576K
Event: 5.807 GC heap after
Heap after GC invocations=1 (full 0):
 PSYoungGen      total 38400K, used 5111K [0x0000000795580000, 0x0000000798000000, 0x00000007c0000000)
  eden space 33280K, 0% used [0x0000000795580000,0x0000000795580000,0x0000000797600000)
  from space 5120K, 99% used [0x0000000797600000,0x0000000797afdff8,0x0000000797b00000)
  to   space 5120K, 0% used [0x0000000797b00000,0x0000000797b00000,0x0000000798000000)
 ParOldGen       total 87552K, used 133K [0x0000000740000000, 0x0000000745580000, 0x0000000795580000)
  object space 87552K, 0% used [0x0000000740000000,0x00000007400217e0,0x0000000745580000)
 Metaspace       used 11745K, capacity 11968K, committed 12288K, reserved 1060864K
  class space    used 1395K, capacity 1466K, committed 1536K, reserved 1048576K
}
Event: 7.972 GC heap before
{Heap before GC invocations=2 (full 0):
 PSYoungGen      total 38400K, used 38391K [0x0000000795580000, 0x0000000798000000, 0x00000007c0000000)
  eden space 33280K, 100% used [0x0000000795580000,0x0000000797600000,0x0000000797600000)
  from space 5120K, 99% used [0x0000000797600000,0x0000000797afdff8,0x0000000797b00000)
  to   space 5120K, 0% used [0x0000000797b00000,0x0000000797b00000,0x0000000798000000)
 ParOldGen       total 87552K, used 133K [0x0000000740000000, 0x0000000745580000, 0x0000000795580000)
  object space 87552K, 0% used [0x0000000740000000,0x00000007400217e0,0x0000000745580000)
 Metaspace       used 17141K, capacity 17364K, committed 17536K, reserved 1064960K
  class space    used 2016K, capacity 2110K, committed 2176K, reserved 1048576K
Event: 8.014 GC heap after
Heap after GC invocations=2 (full 0):
 PSYoungGen      total 38400K, used 5114K [0x0000000795580000, 0x000000079a080000, 0x00000007c0000000)
  eden space 33280K, 0% used [0x0000000795580000,0x0000000795580000,0x0000000797600000)
  from space 5120K, 99% used [0x0000000797b00000,0x0000000797ffeb80,0x0000000798000000)
  to   space 5120K, 0% used [0x0000000797600000,0x0000000797600000,0x0000000797b00000)
 ParOldGen       total 87552K, used 2022K [0x0000000740000000, 0x0000000745580000, 0x0000000795580000)
  object space 87552K, 2% used [0x0000000740000000,0x00000007401f9bc0,0x0000000745580000)
 Metaspace       used 17141K, capacity 17364K, committed 17536K, reserved 1064960K
  class space    used 2016K, capacity 2110K, committed 2176K, reserved 1048576K
}
Event: 9.255 GC heap before
{Heap before GC invocations=3 (full 0):
 PSYoungGen      total 38400K, used 19826K [0x0000000795580000, 0x000000079a080000, 0x00000007c0000000)
  eden space 33280K, 44% used [0x0000000795580000,0x00000007963ddfb0,0x0000000797600000)
  from space 5120K, 99% used [0x0000000797b00000,0x0000000797ffeb80,0x0000000798000000)
  to   space 5120K, 0% used [0x0000000797600000,0x0000000797600000,0x0000000797b00000)
 ParOldGen       total 87552K, used 2022K [0x0000000740000000, 0x0000000745580000, 0x0000000795580000)
  object space 87552K, 2% used [0x0000000740000000,0x00000007401f9bc0,0x0000000745580000)
 Metaspace       used 20857K, capacity 21178K, committed 21248K, reserved 1067008K
  class space    used 2657K, capacity 2792K, committed 2816K, reserved 1048576K
Event: 9.276 GC heap after
Heap after GC invocations=3 (full 0):
 PSYoungGen      total 38400K, used 5088K [0x0000000795580000, 0x000000079a080000, 0x00000007c0000000)
  eden space 33280K, 0% used [0x0000000795580000,0x0000000795580000,0x0000000797600000)
  from space 5120K, 99% used [0x0000000797600000,0x0000000797af8080,0x0000000797b00000)
  to   space 5120K, 0% used [0x0000000799b80000,0x0000000799b80000,0x000000079a080000)
 ParOldGen       total 87552K, used 2787K [0x0000000740000000, 0x0000000745580000, 0x0000000795580000)
  object space 87552K, 3% used [0x0000000740000000,0x00000007402b8fc8,0x0000000745580000)
 Metaspace       used 20857K, capacity 21178K, committed 21248K, reserved 1067008K
  class space    used 2657K, capacity 2792K, committed 2816K, reserved 1048576K
}
Event: 9.276 GC heap before
{Heap before GC invocations=4 (full 1):
 PSYoungGen      total 38400K, used 5088K [0x0000000795580000, 0x000000079a080000, 0x00000007c0000000)
  eden space 33280K, 0% used [0x0000000795580000,0x0000000795580000,0x0000000797600000)
  from space 5120K, 99% used [0x0000000797600000,0x0000000797af8080,0x0000000797b00000)
  to   space 5120K, 0% used [0x0000000799b80000,0x0000000799b80000,0x000000079a080000)
 ParOldGen       total 87552K, used 2787K [0x0000000740000000, 0x0000000745580000, 0x0000000795580000)
  object space 87552K, 3% used [0x0000000740000000,0x00000007402b8fc8,0x0000000745580000)
 Metaspace       used 20857K, capacity 21178K, committed 21248K, reserved 1067008K
  class space    used 2657K, capacity 2792K, committed 2816K, reserved 1048576K
Event: 9.377 GC heap after
Heap after GC invocations=4 (full 1):
 PSYoungGen      total 38400K, used 0K [0x0000000795580000, 0x000000079a080000, 0x00000007c0000000)
  eden space 33280K, 0% used [0x0000000795580000,0x0000000795580000,0x0000000797600000)
  from space 5120K, 0% used [0x0000000797600000,0x0000000797600000,0x0000000797b00000)
  to   space 5120K, 0% used [0x0000000799b80000,0x0000000799b80000,0x000000079a080000)
 ParOldGen       total 56832K, used 5866K [0x0000000740000000, 0x0000000743780000, 0x0000000795580000)
  object space 56832K, 10% used [0x0000000740000000,0x00000007405ba988,0x0000000743780000)
 Metaspace       used 20855K, capacity 21176K, committed 21248K, reserved 1067008K
  class space    used 2656K, capacity 2791K, committed 2816K, reserved 1048576K
}
Event: 17.817 GC heap before
{Heap before GC invocations=5 (full 1):
 PSYoungGen      total 38400K, used 33280K [0x0000000795580000, 0x000000079a080000, 0x00000007c0000000)
  eden space 33280K, 100% used [0x0000000795580000,0x0000000797600000,0x0000000797600000)
  from space 5120K, 0% used [0x0000000797600000,0x0000000797600000,0x0000000797b00000)
  to   space 5120K, 0% used [0x0000000799b80000,0x0000000799b80000,0x000000079a080000)
 ParOldGen       total 56832K, used 5866K [0x0000000740000000, 0x0000000743780000, 0x0000000795580000)
  object space 56832K, 10% used [0x0000000740000000,0x00000007405ba988,0x0000000743780000)
 Metaspace       used 27298K, capacity 27936K, committed 28160K, reserved 1073152K
  class space    used 3690K, capacity 3827K, committed 3840K, reserved 1048576K
Event: 17.839 GC heap after
Heap after GC invocations=5 (full 1):
 PSYoungGen      total 54784K, used 5095K [0x0000000795580000, 0x000000079a080000, 0x00000007c0000000)
  eden space 49664K, 0% used [0x0000000795580000,0x0000000795580000,0x0000000798600000)
  from space 5120K, 99% used [0x0000000799b80000,0x000000079a079f18,0x000000079a080000)
  to   space 5120K, 0% used [0x0000000799680000,0x0000000799680000,0x0000000799b80000)
 ParOldGen       total 56832K, used 6010K [0x0000000740000000, 0x0000000743780000, 0x0000000795580000)
  object space 56832K, 10% used [0x0000000740000000,0x00000007405deaf8,0x0000000743780000)
 Metaspace       used 27298K, capacity 27936K, committed 28160K, reserved 1073152K
  class space    used 3690K, capacity 3827K, committed 3840K, reserved 1048576K
}

Deoptimization events (10 events):
Event: 9.781 Thread 0x00007fb6a4ac9800 Uncommon trap: reason=class_check action=maybe_recompile pc=0x0000000108f16d10 method=java.io.DataInputStream.readShort()S @ 4
Event: 9.787 Thread 0x00007fb6a4ac9800 Uncommon trap: reason=class_check action=maybe_recompile pc=0x0000000108b62598 method=java.lang.String.equals(Ljava/lang/Object;)Z @ 8
Event: 9.787 Thread 0x00007fb6a4ac9800 Uncommon trap: reason=class_check action=maybe_recompile pc=0x0000000108b62598 method=java.lang.String.equals(Ljava/lang/Object;)Z @ 8
Event: 9.787 Thread 0x00007fb6a4ac9800 Uncommon trap: reason=class_check action=maybe_recompile pc=0x0000000108b62598 method=java.lang.String.equals(Ljava/lang/Object;)Z @ 8
Event: 9.790 Thread 0x00007fb6a4ac9800 Uncommon trap: reason=class_check action=maybe_recompile pc=0x0000000108b62598 method=java.lang.String.equals(Ljava/lang/Object;)Z @ 8
Event: 9.884 Thread 0x00007fb6a4ac9800 Uncommon trap: reason=unreached action=reinterpret pc=0x0000000108f2ef98 method=java.net.URL.<init>(Ljava/net/URL;Ljava/lang/String;Ljava/net/URLStreamHandler;)V @ 347
Event: 9.926 Thread 0x00007fb6a4ac9800 Uncommon trap: reason=bimorphic action=maybe_recompile pc=0x0000000108eb3888 method=java.lang.ThreadLocal.get()Ljava/lang/Object; @ 6
Event: 9.930 Thread 0x00007fb6a4ac9800 Uncommon trap: reason=bimorphic action=maybe_recompile pc=0x0000000108eb3888 method=java.lang.ThreadLocal.get()Ljava/lang/Object; @ 6
Event: 10.094 Thread 0x00007fb6a4ac9800 Uncommon trap: reason=bimorphic action=maybe_recompile pc=0x0000000108eb3888 method=java.lang.ThreadLocal.get()Ljava/lang/Object; @ 6
Event: 10.118 Thread 0x00007fb6a4ac9800 Uncommon trap: reason=bimorphic action=maybe_recompile pc=0x0000000108eb3888 method=java.lang.ThreadLocal.get()Ljava/lang/Object; @ 6

Internal exceptions (10 events):
Event: 17.884 Thread 0x00007fb6a4ac9800 Exception <a 'java/security/PrivilegedActionException'> (0x0000000795668ac8) thrown at [/HUDSON3/workspace/8-2-build-macosx-x86_64/jdk8u25/1514/hotspot/src/share/vm/prims/jvm.cpp, line 1312]
Event: 17.885 Thread 0x00007fb6a4ac9800 Exception <a 'java/security/PrivilegedActionException'> (0x00000007956844b0) thrown at [/HUDSON3/workspace/8-2-build-macosx-x86_64/jdk8u25/1514/hotspot/src/share/vm/prims/jvm.cpp, line 1312]
Event: 17.885 Thread 0x00007fb6a4ac9800 Exception <a 'java/security/PrivilegedActionException'> (0x0000000795687bf8) thrown at [/HUDSON3/workspace/8-2-build-macosx-x86_64/jdk8u25/1514/hotspot/src/share/vm/prims/jvm.cpp, line 1312]
Event: 17.892 Thread 0x00007fb6a4ac9800 Exception <a 'java/security/PrivilegedActionException'> (0x00000007956a54e8) thrown at [/HUDSON3/workspace/8-2-build-macosx-x86_64/jdk8u25/1514/hotspot/src/share/vm/prims/jvm.cpp, line 1312]
Event: 17.893 Thread 0x00007fb6a4ac9800 Exception <a 'java/security/PrivilegedActionException'> (0x00000007956a8ec0) thrown at [/HUDSON3/workspace/8-2-build-macosx-x86_64/jdk8u25/1514/hotspot/src/share/vm/prims/jvm.cpp, line 1312]
Event: 17.895 Thread 0x00007fb6a4ac9800 Exception <a 'java/security/PrivilegedActionException'> (0x00000007956c5238) thrown at [/HUDSON3/workspace/8-2-build-macosx-x86_64/jdk8u25/1514/hotspot/src/share/vm/prims/jvm.cpp, line 1312]
Event: 17.895 Thread 0x00007fb6a4ac9800 Exception <a 'java/security/PrivilegedActionException'> (0x00000007956c8c20) thrown at [/HUDSON3/workspace/8-2-build-macosx-x86_64/jdk8u25/1514/hotspot/src/share/vm/prims/jvm.cpp, line 1312]
Event: 17.895 Thread 0x00007fb6a4ac9800 Exception <a 'java/security/PrivilegedActionException'> (0x00000007956ca348) thrown at [/HUDSON3/workspace/8-2-build-macosx-x86_64/jdk8u25/1514/hotspot/src/share/vm/prims/jvm.cpp, line 1312]
Event: 17.895 Thread 0x00007fb6a4ac9800 Exception <a 'java/security/PrivilegedActionException'> (0x00000007956cd590) thrown at [/HUDSON3/workspace/8-2-build-macosx-x86_64/jdk8u25/1514/hotspot/src/share/vm/prims/jvm.cpp, line 1312]
Event: 18.317 Thread 0x00007fb6a4ac9800 Exception <a 'java/io/FileNotFoundException'> (0x000000079575c0c0) thrown at [/HUDSON3/workspace/8-2-build-macosx-x86_64/jdk8u25/1514/hotspot/src/share/vm/prims/jni.cpp, line 716]

Events (10 events):
Event: 49.536 loading class java/util/IdentityHashMap$KeySet done
Event: 49.536 loading class java/util/IdentityHashMap$KeyIterator
Event: 49.536 loading class java/util/IdentityHashMap$IdentityHashMapIterator
Event: 49.536 loading class java/util/IdentityHashMap$IdentityHashMapIterator done
Event: 49.536 loading class java/util/IdentityHashMap$KeyIterator done
Event: 49.546 Thread 0x00007fb6a4464000 Thread added: 0x00007fb6a4464000
Event: 49.546 Thread 0x00007fb6a4464000 Thread exited: 0x00007fb6a4464000
Event: 49.547 Thread 0x00007fb6a41e7800 Thread exited: 0x00007fb6a41e7800
Event: 49.547 Thread 0x00007fb6a483a800 Thread exited: 0x00007fb6a483a800
Event: 49.547 Thread 0x00007fb6a4ac9800 Thread exited: 0x00007fb6a4ac9800


Dynamic libraries:
0x000000000978c000 	/System/Library/Frameworks/Cocoa.framework/Versions/A/Cocoa
0x000000000978c000 	/System/Library/Frameworks/Security.framework/Versions/A/Security
0x000000000978c000 	/System/Library/Frameworks/ApplicationServices.framework/Versions/A/ApplicationServices
0x000000000978c000 	/usr/lib/libz.1.dylib
0x000000000978c000 	/usr/lib/libSystem.B.dylib
0x000000000978c000 	/usr/lib/libobjc.A.dylib
0x000000000978c000 	/System/Library/Frameworks/CoreFoundation.framework/Versions/A/CoreFoundation
0x000000000978c000 	/System/Library/Frameworks/Foundation.framework/Versions/C/Foundation
0x000000000978c000 	/System/Library/Frameworks/AppKit.framework/Versions/C/AppKit
0x000000000978c000 	/System/Library/Frameworks/CoreData.framework/Versions/A/CoreData
0x000000000978c000 	/System/Library/PrivateFrameworks/RemoteViewServices.framework/Versions/A/RemoteViewServices
0x000000000978c000 	/System/Library/PrivateFrameworks/UIFoundation.framework/Versions/A/UIFoundation
0x000000000978c000 	/System/Library/Frameworks/IOSurface.framework/Versions/A/IOSurface
0x000000000978c000 	/System/Library/Frameworks/AudioToolbox.framework/Versions/A/AudioToolbox
0x000000000978c000 	/System/Library/Frameworks/AudioUnit.framework/Versions/A/AudioUnit
0x000000000978c000 	/System/Library/PrivateFrameworks/DataDetectorsCore.framework/Versions/A/DataDetectorsCore
0x000000000978c000 	/System/Library/PrivateFrameworks/DesktopServicesPriv.framework/Versions/A/DesktopServicesPriv
0x000000000978c000 	/System/Library/Frameworks/Carbon.framework/Versions/A/Frameworks/HIToolbox.framework/Versions/A/HIToolbox
0x000000000978c000 	/System/Library/Frameworks/QuartzCore.framework/Versions/A/QuartzCore
0x000000000978c000 	/System/Library/Frameworks/Carbon.framework/Versions/A/Frameworks/SpeechRecognition.framework/Versions/A/SpeechRecognition
0x000000000978c000 	/usr/lib/libauto.dylib
0x000000000978c000 	/usr/lib/libicucore.A.dylib
0x000000000978c000 	/usr/lib/libxml2.2.dylib
0x000000000978c000 	/System/Library/PrivateFrameworks/CoreUI.framework/Versions/A/CoreUI
0x000000000978c000 	/System/Library/Frameworks/CoreAudio.framework/Versions/A/CoreAudio
0x000000000978c000 	/System/Library/Frameworks/DiskArbitration.framework/Versions/A/DiskArbitration
0x000000000978c000 	/usr/lib/liblangid.dylib
0x000000000978c000 	/System/Library/PrivateFrameworks/MultitouchSupport.framework/Versions/A/MultitouchSupport
0x000000000978c000 	/System/Library/Frameworks/IOKit.framework/Versions/A/IOKit
0x000000000978c000 	/usr/lib/libDiagnosticMessagesClient.dylib
0x000000000978c000 	/System/Library/Frameworks/CoreServices.framework/Versions/A/CoreServices
0x000000000978c000 	/System/Library/PrivateFrameworks/PerformanceAnalysis.framework/Versions/A/PerformanceAnalysis
0x000000000978c000 	/System/Library/PrivateFrameworks/GenerationalStorage.framework/Versions/A/GenerationalStorage
0x000000000978c000 	/System/Library/Frameworks/OpenGL.framework/Versions/A/OpenGL
0x000000000978c000 	/System/Library/PrivateFrameworks/Sharing.framework/Versions/A/Sharing
0x000000000978c000 	/System/Library/Frameworks/CoreGraphics.framework/Versions/A/CoreGraphics
0x000000000978c000 	/System/Library/Frameworks/CoreText.framework/Versions/A/CoreText
0x000000000978c000 	/System/Library/Frameworks/ImageIO.framework/Versions/A/ImageIO
0x000000000978c000 	/usr/lib/libextension.dylib
0x000000000978c000 	/System/Library/PrivateFrameworks/Backup.framework/Versions/A/Backup
0x000000000978c000 	/usr/lib/libarchive.2.dylib
0x000000000978c000 	/System/Library/Frameworks/CFNetwork.framework/Versions/A/CFNetwork
0x000000000978c000 	/System/Library/Frameworks/SystemConfiguration.framework/Versions/A/SystemConfiguration
0x000000000978c000 	/usr/lib/libCRFSuite.dylib
0x000000000978c000 	/usr/lib/libc++.1.dylib
0x000000000978c000 	/usr/lib/libc++abi.dylib
0x000000000978c000 	/usr/lib/system/libcache.dylib
0x000000000978c000 	/usr/lib/system/libcommonCrypto.dylib
0x000000000978c000 	/usr/lib/system/libcompiler_rt.dylib
0x000000000978c000 	/usr/lib/system/libcopyfile.dylib
0x000000000978c000 	/usr/lib/system/libcorecrypto.dylib
0x000000000978c000 	/usr/lib/system/libdispatch.dylib
0x000000000978c000 	/usr/lib/system/libdyld.dylib
0x000000000978c000 	/usr/lib/system/libkeymgr.dylib
0x000000000978c000 	/usr/lib/system/liblaunch.dylib
0x000000000978c000 	/usr/lib/system/libmacho.dylib
0x000000000978c000 	/usr/lib/system/libquarantine.dylib
0x000000000978c000 	/usr/lib/system/libremovefile.dylib
0x000000000978c000 	/usr/lib/system/libsystem_asl.dylib
0x000000000978c000 	/usr/lib/system/libsystem_blocks.dylib
0x000000000978c000 	/usr/lib/system/libsystem_c.dylib
0x000000000978c000 	/usr/lib/system/libsystem_configuration.dylib
0x000000000978c000 	/usr/lib/system/libsystem_coreservices.dylib
0x000000000978c000 	/usr/lib/system/libsystem_coretls.dylib
0x000000000978c000 	/usr/lib/system/libsystem_dnssd.dylib
0x000000000978c000 	/usr/lib/system/libsystem_info.dylib
0x000000000978c000 	/usr/lib/system/libsystem_kernel.dylib
0x000000000978c000 	/usr/lib/system/libsystem_m.dylib
0x000000000978c000 	/usr/lib/system/libsystem_malloc.dylib
0x000000000978c000 	/usr/lib/system/libsystem_network.dylib
0x000000000978c000 	/usr/lib/system/libsystem_networkextension.dylib
0x000000000978c000 	/usr/lib/system/libsystem_notify.dylib
0x000000000978c000 	/usr/lib/system/libsystem_platform.dylib
0x000000000978c000 	/usr/lib/system/libsystem_pthread.dylib
0x000000000978c000 	/usr/lib/system/libsystem_sandbox.dylib
0x000000000978c000 	/usr/lib/system/libsystem_secinit.dylib
0x000000000978c000 	/usr/lib/system/libsystem_stats.dylib
0x000000000978c000 	/usr/lib/system/libsystem_trace.dylib
0x000000000978c000 	/usr/lib/system/libunc.dylib
0x000000000978c000 	/usr/lib/system/libunwind.dylib
0x000000000978c000 	/usr/lib/system/libxpc.dylib
0x000000000978c000 	/usr/lib/libbz2.1.0.dylib
0x000000000978c000 	/usr/lib/liblzma.5.dylib
0x000000000978c000 	/usr/lib/libbsm.0.dylib
0x000000000978c000 	/usr/lib/libsqlite3.dylib
0x000000000978c000 	/usr/lib/system/libkxld.dylib
0x000000000978c000 	/usr/lib/libxar.1.dylib
0x000000000978c000 	/usr/lib/libpam.2.dylib
0x000000000978c000 	/usr/lib/libOpenScriptingUtil.dylib
0x000000000978c000 	/System/Library/Frameworks/CoreServices.framework/Versions/A/Frameworks/FSEvents.framework/Versions/A/FSEvents
0x000000000978c000 	/System/Library/Frameworks/CoreServices.framework/Versions/A/Frameworks/CarbonCore.framework/Versions/A/CarbonCore
0x000000000978c000 	/System/Library/Frameworks/CoreServices.framework/Versions/A/Frameworks/Metadata.framework/Versions/A/Metadata
0x000000000978c000 	/System/Library/Frameworks/CoreServices.framework/Versions/A/Frameworks/OSServices.framework/Versions/A/OSServices
0x000000000978c000 	/System/Library/Frameworks/CoreServices.framework/Versions/A/Frameworks/SearchKit.framework/Versions/A/SearchKit
0x000000000978c000 	/System/Library/Frameworks/CoreServices.framework/Versions/A/Frameworks/AE.framework/Versions/A/AE
0x000000000978c000 	/System/Library/Frameworks/CoreServices.framework/Versions/A/Frameworks/LaunchServices.framework/Versions/A/LaunchServices
0x000000000978c000 	/System/Library/Frameworks/CoreServices.framework/Versions/A/Frameworks/DictionaryServices.framework/Versions/A/DictionaryServices
0x000000000978c000 	/System/Library/Frameworks/NetFS.framework/Versions/A/NetFS
0x000000000978c000 	/System/Library/PrivateFrameworks/NetAuth.framework/Versions/A/NetAuth
0x000000000978c000 	/System/Library/PrivateFrameworks/login.framework/Versions/A/Frameworks/loginsupport.framework/Versions/A/loginsupport
0x000000000978c000 	/System/Library/PrivateFrameworks/TCC.framework/Versions/A/TCC
0x000000000978c000 	/usr/lib/libmecabra.dylib
0x000000000978c000 	/System/Library/PrivateFrameworks/LanguageModeling.framework/Versions/A/LanguageModeling
0x000000000978c000 	/usr/lib/libcmph.dylib
0x000000000978c000 	/usr/lib/libiconv.2.dylib
0x000000000978c000 	/System/Library/Frameworks/OpenDirectory.framework/Versions/A/Frameworks/CFOpenDirectory.framework/Versions/A/CFOpenDirectory
0x000000000978c000 	/System/Library/Frameworks/ServiceManagement.framework/Versions/A/ServiceManagement
0x000000000978c000 	/usr/lib/libxslt.1.dylib
0x000000000978c000 	/System/Library/Frameworks/Carbon.framework/Versions/A/Frameworks/Ink.framework/Versions/A/Ink
0x000000000978c000 	/System/Library/Frameworks/ApplicationServices.framework/Versions/A/Frameworks/ATS.framework/Versions/A/ATS
0x000000000978c000 	/System/Library/Frameworks/ApplicationServices.framework/Versions/A/Frameworks/ColorSync.framework/Versions/A/ColorSync
0x000000000978c000 	/System/Library/Frameworks/ApplicationServices.framework/Versions/A/Frameworks/HIServices.framework/Versions/A/HIServices
0x000000000978c000 	/System/Library/Frameworks/ApplicationServices.framework/Versions/A/Frameworks/LangAnalysis.framework/Versions/A/LangAnalysis
0x000000000978c000 	/System/Library/Frameworks/ApplicationServices.framework/Versions/A/Frameworks/PrintCore.framework/Versions/A/PrintCore
0x000000000978c000 	/System/Library/Frameworks/ApplicationServices.framework/Versions/A/Frameworks/QD.framework/Versions/A/QD
0x000000000978c000 	/System/Library/Frameworks/ApplicationServices.framework/Versions/A/Frameworks/SpeechSynthesis.framework/Versions/A/SpeechSynthesis
0x000000000978c000 	/System/Library/Frameworks/Accelerate.framework/Versions/A/Accelerate
0x000000000978c000 	/System/Library/Frameworks/Accelerate.framework/Versions/A/Frameworks/vImage.framework/Versions/A/vImage
0x000000000978c000 	/System/Library/Frameworks/Accelerate.framework/Versions/A/Frameworks/vecLib.framework/Versions/A/vecLib
0x000000000978c000 	/System/Library/Frameworks/Accelerate.framework/Versions/A/Frameworks/vecLib.framework/Versions/A/libvDSP.dylib
0x000000000978c000 	/System/Library/Frameworks/Accelerate.framework/Versions/A/Frameworks/vecLib.framework/Versions/A/libvMisc.dylib
0x000000000978c000 	/System/Library/Frameworks/Accelerate.framework/Versions/A/Frameworks/vecLib.framework/Versions/A/libLAPACK.dylib
0x000000000978c000 	/System/Library/Frameworks/Accelerate.framework/Versions/A/Frameworks/vecLib.framework/Versions/A/libBLAS.dylib
0x000000000978c000 	/System/Library/Frameworks/Accelerate.framework/Versions/A/Frameworks/vecLib.framework/Versions/A/libLinearAlgebra.dylib
0x000000000978c000 	/System/Library/Frameworks/ApplicationServices.framework/Versions/A/Frameworks/ATS.framework/Versions/A/Resources/libFontParser.dylib
0x000000000978c000 	/System/Library/Frameworks/ApplicationServices.framework/Versions/A/Frameworks/ATS.framework/Versions/A/Resources/libFontRegistry.dylib
0x000000000978c000 	/System/Library/PrivateFrameworks/AppleVPA.framework/Versions/A/AppleVPA
0x000000000978c000 	/System/Library/PrivateFrameworks/AppleJPEG.framework/Versions/A/AppleJPEG
0x000000000978c000 	/System/Library/Frameworks/ImageIO.framework/Versions/A/Resources/libJPEG.dylib
0x000000000978c000 	/System/Library/Frameworks/ImageIO.framework/Versions/A/Resources/libTIFF.dylib
0x000000000978c000 	/System/Library/Frameworks/ImageIO.framework/Versions/A/Resources/libPng.dylib
0x000000000978c000 	/System/Library/Frameworks/ImageIO.framework/Versions/A/Resources/libGIF.dylib
0x000000000978c000 	/System/Library/Frameworks/ImageIO.framework/Versions/A/Resources/libJP2.dylib
0x000000000978c000 	/System/Library/Frameworks/ImageIO.framework/Versions/A/Resources/libRadiance.dylib
0x000000000978c000 	/System/Library/Frameworks/CoreVideo.framework/Versions/A/CoreVideo
0x000000000978c000 	/System/Library/Frameworks/OpenGL.framework/Versions/A/Libraries/libGLU.dylib
0x000000000978c000 	/System/Library/Frameworks/OpenGL.framework/Versions/A/Libraries/libGFXShared.dylib
0x000000000978c000 	/System/Library/Frameworks/OpenGL.framework/Versions/A/Libraries/libGL.dylib
0x000000000978c000 	/System/Library/Frameworks/OpenGL.framework/Versions/A/Libraries/libGLImage.dylib
0x000000000978c000 	/System/Library/Frameworks/OpenGL.framework/Versions/A/Libraries/libCVMSPluginSupport.dylib
0x000000000978c000 	/System/Library/Frameworks/OpenGL.framework/Versions/A/Libraries/libCoreVMClient.dylib
0x000000000978c000 	/usr/lib/libcups.2.dylib
0x000000000978c000 	/System/Library/Frameworks/Kerberos.framework/Versions/A/Kerberos
0x000000000978c000 	/System/Library/Frameworks/GSS.framework/Versions/A/GSS
0x000000000978c000 	/usr/lib/libresolv.9.dylib
0x000000000978c000 	/System/Library/PrivateFrameworks/Heimdal.framework/Versions/A/Heimdal
0x000000000978c000 	/usr/lib/libheimdal-asn1.dylib
0x000000000978c000 	/System/Library/Frameworks/OpenDirectory.framework/Versions/A/OpenDirectory
0x000000000978c000 	/System/Library/PrivateFrameworks/CommonAuth.framework/Versions/A/CommonAuth
0x000000000978c000 	/System/Library/Frameworks/SecurityFoundation.framework/Versions/A/SecurityFoundation
0x000000000978c000 	/System/Library/Frameworks/QuartzCore.framework/Versions/A/Frameworks/CoreImage.framework/Versions/A/CoreImage
0x000000000978c000 	/System/Library/PrivateFrameworks/CrashReporterSupport.framework/Versions/A/CrashReporterSupport
0x000000000978c000 	/System/Library/Frameworks/OpenCL.framework/Versions/A/OpenCL
0x000000000978c000 	/System/Library/PrivateFrameworks/FaceCore.framework/Versions/A/FaceCore
0x000000000978c000 	/System/Library/PrivateFrameworks/Ubiquity.framework/Versions/A/Ubiquity
0x000000000978c000 	/System/Library/PrivateFrameworks/IconServices.framework/Versions/A/IconServices
0x000000000978c000 	/System/Library/PrivateFrameworks/ChunkingLibrary.framework/Versions/A/ChunkingLibrary
0x000000000978c000 	/System/Library/PrivateFrameworks/Apple80211.framework/Versions/A/Apple80211
0x000000000978c000 	/System/Library/Frameworks/CoreWLAN.framework/Versions/A/CoreWLAN
0x000000000978c000 	/System/Library/Frameworks/IOBluetooth.framework/Versions/A/IOBluetooth
0x000000000978c000 	/System/Library/PrivateFrameworks/CoreWiFi.framework/Versions/A/CoreWiFi
0x000000000978c000 	/System/Library/Frameworks/CoreBluetooth.framework/Versions/A/CoreBluetooth
0x000000000978c000 	/System/Library/PrivateFrameworks/DebugSymbols.framework/Versions/A/DebugSymbols
0x000000000978c000 	/System/Library/PrivateFrameworks/CoreSymbolication.framework/Versions/A/CoreSymbolication
0x000000000978c000 	/System/Library/PrivateFrameworks/Symbolication.framework/Versions/A/Symbolication
0x000000000978c000 	/System/Library/PrivateFrameworks/SpeechRecognitionCore.framework/Versions/A/SpeechRecognitionCore
0x00000001075a2000 	/Library/Java/JavaVirtualMachines/jdk1.8.0_25.jdk/Contents/Home/jre/lib/server/libjvm.dylib
0x000000000978c000 	/usr/lib/libstdc++.6.dylib
0x00000001085d8000 	/Library/Java/JavaVirtualMachines/jdk1.8.0_25.jdk/Contents/Home/jre/lib/libverify.dylib
0x0000000108a00000 	/Library/Java/JavaVirtualMachines/jdk1.8.0_25.jdk/Contents/Home/jre/lib/libjava.dylib
0x00000001085f0000 	/Library/Java/JavaVirtualMachines/jdk1.8.0_25.jdk/Contents/Home/jre/lib/libzip.dylib
0x000000011e262000 	/System/Library/Frameworks/JavaVM.framework/Frameworks/JavaRuntimeSupport.framework/JavaRuntimeSupport
0x000000011e27a000 	/System/Library/Frameworks/JavaVM.framework/Versions/A/Frameworks/JavaNativeFoundation.framework/Versions/A/JavaNativeFoundation
0x000000011e28f000 	/System/Library/Frameworks/JavaVM.framework/Versions/A/JavaVM
0x000000000978c000 	/System/Library/Frameworks/Carbon.framework/Versions/A/Carbon
0x000000011e29c000 	/System/Library/PrivateFrameworks/JavaLaunching.framework/Versions/A/JavaLaunching
0x000000000978c000 	/System/Library/Frameworks/Carbon.framework/Versions/A/Frameworks/CommonPanels.framework/Versions/A/CommonPanels
0x000000000978c000 	/System/Library/Frameworks/Carbon.framework/Versions/A/Frameworks/Help.framework/Versions/A/Help
0x000000000978c000 	/System/Library/Frameworks/Carbon.framework/Versions/A/Frameworks/ImageCapture.framework/Versions/A/ImageCapture
0x000000000978c000 	/System/Library/Frameworks/Carbon.framework/Versions/A/Frameworks/OpenScripting.framework/Versions/A/OpenScripting
0x000000000978c000 	/System/Library/Frameworks/Carbon.framework/Versions/A/Frameworks/Print.framework/Versions/A/Print
0x000000000978c000 	/System/Library/Frameworks/Carbon.framework/Versions/A/Frameworks/SecurityHI.framework/Versions/A/SecurityHI
0x000000012017e000 	/Library/Java/JavaVirtualMachines/jdk1.8.0_25.jdk/Contents/Home/jre/lib/libprism_es2.dylib
0x000000000978c000 	/System/Library/Frameworks/OpenGL.framework/Versions/A/Resources/GLEngine.bundle/GLEngine
0x000000000978c000 	/System/Library/Frameworks/OpenGL.framework/Versions/A/Libraries/libGLProgrammability.dylib
0x0000000000000000 	/System/Library/Extensions/GeForceTeslaGLDriver.bundle/Contents/MacOS/GeForceTeslaGLDriver
0x00000001201fa000 	/System/Library/Extensions/GeForceTeslaGLDriver.bundle/Contents/MacOS/libclh.dylib
0x0000000120a41000 	/System/Library/PrivateFrameworks/GPUSupport.framework/Versions/A/Libraries/libGPUSupport.dylib
0x000000000978c000 	/System/Library/Frameworks/OpenGL.framework/Versions/A/Resources/GLRendererFloat.bundle/GLRendererFloat
0x000000000978c000 	/System/Library/Frameworks/OpenCL.framework/Versions/A/Libraries/libcldcpuengine.dylib
0x000000000978c000 	/System/Library/PrivateFrameworks/DiskImages.framework/Versions/A/DiskImages
0x000000000978c000 	/System/Library/Frameworks/DiscRecording.framework/Versions/A/DiscRecording
0x000000000978c000 	/usr/lib/libcsfde.dylib
0x000000000978c000 	/usr/lib/libcurl.4.dylib
0x000000000978c000 	/System/Library/PrivateFrameworks/MediaKit.framework/Versions/A/MediaKit
0x000000000978c000 	/System/Library/PrivateFrameworks/ProtectedCloudStorage.framework/Versions/A/ProtectedCloudStorage
0x000000000978c000 	/usr/lib/libCoreStorage.dylib
0x000000000978c000 	/System/Library/PrivateFrameworks/EFILogin.framework/Versions/A/EFILogin
0x000000000978c000 	/usr/lib/libutil.dylib
0x000000000978c000 	/System/Library/PrivateFrameworks/FindMyDevice.framework/Versions/A/FindMyDevice
0x000000000978c000 	/System/Library/Frameworks/LDAP.framework/Versions/A/LDAP
0x000000000978c000 	/usr/lib/libsasl2.2.dylib
0x000000000978c000 	/System/Library/PrivateFrameworks/CoreDaemon.framework/Versions/B/CoreDaemon
0x000000000978c000 	/usr/lib/libcrypto.0.9.8.dylib
0x000000000978c000 	/System/Library/PrivateFrameworks/AppleSRP.framework/Versions/A/AppleSRP
0x000000000978c000 	/System/Library/PrivateFrameworks/TrustEvaluationAgent.framework/Versions/A/TrustEvaluationAgent
0x0000000120b10000 	/Library/Java/JavaVirtualMachines/jdk1.8.0_25.jdk/Contents/Home/jre/lib/libglass.dylib
0x000000000978c000 	/System/Library/PrivateFrameworks/CoreServicesInternal.framework/Versions/A/CoreServicesInternal
0x000000000978c000 	/System/Library/PrivateFrameworks/CloudDocs.framework/Versions/A/CloudDocs
0x000000000978c000 	/System/Library/PrivateFrameworks/CoreDuet.framework/Versions/A/CoreDuet
0x000000000978c000 	/System/Library/Frameworks/CloudKit.framework/Versions/A/CloudKit
0x000000000978c000 	/System/Library/PrivateFrameworks/ProtocolBuffer.framework/Versions/A/ProtocolBuffer
0x000000000978c000 	/System/Library/PrivateFrameworks/CoreDuetDaemonProtocol.framework/Versions/A/CoreDuetDaemonProtocol
0x000000000978c000 	/System/Library/PrivateFrameworks/CoreDuetDebugLogging.framework/Versions/A/CoreDuetDebugLogging
0x000000000978c000 	/System/Library/Frameworks/CoreLocation.framework/Versions/A/CoreLocation
0x000000000978c000 	/System/Library/Frameworks/Accounts.framework/Versions/A/Accounts
0x000000000978c000 	/System/Library/PrivateFrameworks/ApplePushService.framework/Versions/A/ApplePushService
0x000000000978c000 	/System/Library/PrivateFrameworks/GeoServices.framework/Versions/A/GeoServices
0x000000000978c000 	/System/Library/PrivateFrameworks/OAuth.framework/Versions/A/OAuth
0x000000000978c000 	/System/Library/Frameworks/CoreGraphics.framework/Versions/A/Resources/libCGCMS.A.dylib
0x000000000978c000 	/System/Library/CoreServices/RawCamera.bundle/Contents/MacOS/RawCamera
0x000000000978c000 	/System/Library/Frameworks/CoreGraphics.framework/Versions/A/Resources/libRIP.A.dylib
0x000000000978c000 	/System/Library/PrivateFrameworks/FamilyControls.framework/Versions/A/FamilyControls
0x000000000978c000 	/System/Library/PrivateFrameworks/CommerceKit.framework/Versions/A/Frameworks/CommerceCore.framework/Versions/A/CommerceCore
0x000000000978c000 	/System/Library/PrivateFrameworks/SystemAdministration.framework/Versions/A/SystemAdministration
0x000000000978c000 	/System/Library/PrivateFrameworks/AppContainer.framework/Versions/A/AppContainer
0x000000000978c000 	/System/Library/PrivateFrameworks/SecCodeWrapper.framework/Versions/A/SecCodeWrapper
0x000000000978c000 	/System/Library/Frameworks/DirectoryService.framework/Versions/A/DirectoryService
0x000000000978c000 	/System/Library/PrivateFrameworks/LoginUIKit.framework/Versions/A/Frameworks/LoginUICore.framework/Versions/A/LoginUICore
0x000000000978c000 	/usr/lib/libodfde.dylib
0x000000000978c000 	/System/Library/Frameworks/CoreGraphics.framework/Versions/A/Resources/libCGXType.A.dylib
0x0000000124f99000 	cl_kernels
0x0000000124f9b000 	/System/Library/Frameworks/OpenCL.framework/Versions/A/Libraries/ImageFormats/unorm8_bgra.dylib
0x0000000124f8a000 	cl_kernels
0x00000001258b9000 	/Library/Java/JavaVirtualMachines/jdk1.8.0_25.jdk/Contents/Home/jre/lib/libnet.dylib
0x0000000125fd3000 	/Library/Java/JavaVirtualMachines/jdk1.8.0_25.jdk/Contents/Home/jre/lib/libjavafx_font.dylib
0x000000011e3ca000 	/Library/Java/JavaVirtualMachines/jdk1.8.0_25.jdk/Contents/Home/jre/lib/libprism_common.dylib

VM Arguments:
jvm_args: -Dfile.encoding=UTF-8 
java_command: edge.logic.MainApplication
java_class_path (initial): /Users/pascalraszyk/Projects/edge-projektmanagement/bin:/Users/pascalraszyk/Projects/edge-projektmanagement/lib/mysql-connector-java-5.0.4.jar:/Users/pascalraszyk/Projects/edge-projektmanagement/lib/slf4j-api-1.7.6.jar:/Users/pascalraszyk/Projects/edge-projektmanagement/lib/slf4j-simple-1.7.6.jar:/Users/pascalraszyk/Projects/edge-projektmanagement/target/lib/antlr-2.7.7.jar:/Users/pascalraszyk/Projects/edge-projektmanagement/target/lib/commons-collections-3.2.1.jar:/Users/pascalraszyk/Projects/edge-projektmanagement/target/lib/dom4j-1.6.1.jar:/Users/pascalraszyk/Projects/edge-projektmanagement/target/lib/hibernate-commons-annotations-4.0.1.Final.jar:/Users/pascalraszyk/Projects/edge-projektmanagement/target/lib/hibernate-core-4.0.1.Final.jar:/Users/pascalraszyk/Projects/edge-projektmanagement/target/lib/hibernate-entitymanager-4.0.1.Final.jar:/Users/pascalraszyk/Projects/edge-projektmanagement/target/lib/hibernate-jpa-2.0-api-1.0.1.Final.jar:/Users/pascalraszyk/Projects/edge-projektmanagement/target/lib/hibernate-validator-4.2.0.Final.jar:/Users/pascalraszyk/Projects/edge-projektmanagement/target/lib/javassist-3.15.0-GA.jar:/Users/pascalraszyk/Projects/edge-projektmanagement/target/lib/jboss-logging-3.1.0.CR2.jar:/Users/pascalraszyk/Projects/edge-projektmanagement/target/lib/jboss-transaction-api_1.1_spec-1.0.0.Final.jar:/Users/pascalraszyk/Projects/edge-projektmanagement/target/lib/junit-3.8.1.jar:/Users/pascalraszyk/Projects/edge-projektmanagement/target/lib/log4j-1.2.16.jar:/Users/pascalraszyk/Projects/edge-projektmanagement/target/lib/mysql-connector-java-5.1.10.jar:/Users/pascalraszyk/Projects/edge-projektmanagement/target/lib/slf4j-api-1.6.4.jar:/Users/pascalraszyk/Projects/edge-projektmanagement/target/lib/slf4j-log4j12-1.6.4.jar:/Users/pascalraszyk/Projects/edge-projektmanagement/target/lib/validation-api-1.0.0.GA.jar:/Users/pascalraszyk/Projects/edge-projektmanagement/target/lib/xml-apis-1.0.b2.jar:/Users/pascalraszyk/Projects/e
Launcher Type: SUN_STANDARD

Environment Variables:
PATH=/usr/bin:/bin:/usr/sbin:/sbin
SHELL=/bin/zsh

Signal Handlers:
SIGSEGV: [libjvm.dylib+0x579dc7], sa_mask[0]=11111111011111110111111111111111, sa_flags=SA_ONSTACK|SA_RESTART|SA_SIGINFO
SIGBUS: [libjvm.dylib+0x579dc7], sa_mask[0]=11111111011111110111111111111111, sa_flags=SA_RESTART|SA_SIGINFO
SIGFPE: [libjvm.dylib+0x45b030], sa_mask[0]=11111111011111110111111111111111, sa_flags=SA_RESTART|SA_SIGINFO
SIGPIPE: [libjvm.dylib+0x45b030], sa_mask[0]=11111111011111110111111111111111, sa_flags=SA_RESTART|SA_SIGINFO
SIGXFSZ: [libjvm.dylib+0x45b030], sa_mask[0]=11111111011111110111111111111111, sa_flags=SA_RESTART|SA_SIGINFO
SIGILL: [libjvm.dylib+0x45b030], sa_mask[0]=11111111011111110111111111111111, sa_flags=SA_RESTART|SA_SIGINFO
SIGUSR1: SIG_DFL, sa_mask[0]=00000000000000000000000000000000, sa_flags=none
SIGUSR2: [libjvm.dylib+0x45ab4e], sa_mask[0]=00100000000000000000000000000000, sa_flags=SA_RESTART|SA_SIGINFO
SIGHUP: [libjvm.dylib+0x459121], sa_mask[0]=11111111011111110111111111111111, sa_flags=SA_RESTART|SA_SIGINFO
SIGINT: [libjvm.dylib+0x459121], sa_mask[0]=11111111011111110111111111111111, sa_flags=SA_RESTART|SA_SIGINFO
SIGTERM: [libjvm.dylib+0x459121], sa_mask[0]=11111111011111110111111111111111, sa_flags=SA_RESTART|SA_SIGINFO
SIGQUIT: [libjvm.dylib+0x459121], sa_mask[0]=11111111011111110111111111111111, sa_flags=SA_RESTART|SA_SIGINFO


---------------  S Y S T E M  ---------------

OS:Bsduname:Darwin 14.0.0 Darwin Kernel Version 14.0.0: Fri Sep 19 00:26:44 PDT 2014; root:xnu-2782.1.97~2/RELEASE_X86_64 x86_64
rlimit: STACK 8192k, CORE 0k, NPROC 709, NOFILE 10240, AS infinity
load average:4.54 4.15 4.03

CPU:total 2 (2 cores per cpu, 1 threads per core) family 6 model 23 stepping 10, cmov, cx8, fxsr, mmx, sse, sse2, sse3, ssse3, sse4.1, tsc

Memory: 4k page, physical 8388608k(222140k free)

/proc/meminfo:


vm_info: Java HotSpot(TM) 64-Bit Server VM (25.25-b02) for bsd-amd64 JRE (1.8.0_25-b17), built on Sep 17 2014 16:56:50 by "java_re" with gcc 4.2.1 (Based on Apple Inc. build 5658) (LLVM build 2336.11.00)

time: Sat Nov  1 21:22:31 2014
elapsed time: 49 seconds (0d 0h 0m 49s)

